2025-10-11 16:50:39 +00:00: 
> mailyanlaw@1.0.0 start
> next start -p 3001

2025-10-11 16:50:40 +00:00: 2025-10-11 16:50:41 +00:00: 
> mailyanlaw@1.0.0 start
> next start -p 3001

2025-10-11 16:50:43 +00:00: 2025-10-11 16:50:44 +00:00: 
> mailyanlaw@1.0.0 start
> next start -p 3001

2025-10-11 16:50:44 +00:00: 2025-10-11 16:50:45 +00:00: 
> mailyanlaw@1.0.0 start
> next start -p 3001

2025-10-11 16:50:45 +00:00: 2025-10-11 16:50:47 +00:00: 
> mailyanlaw@1.0.0 start
> next start -p 3001

2025-10-11 16:50:47 +00:00: 2025-10-11 16:50:48 +00:00: 
> mailyanlaw@1.0.0 start
> next start -p 3001

2025-10-11 16:50:49 +00:00: 2025-10-11 16:50:50 +00:00: 
> mailyanlaw@1.0.0 start
> next start -p 3001

2025-10-11 16:50:51 +00:00: 2025-10-11 16:50:53 +00:00: 
> mailyanlaw@1.0.0 start
> next start -p 3001

2025-10-11 16:50:54 +00:00: 2025-10-11 16:50:56 +00:00: 
> mailyanlaw@1.0.0 start
> next start -p 3001

2025-10-11 16:50:57 +00:00: 2025-10-11 16:51:01 +00:00: 
> mailyanlaw@1.0.0 start
> next start -p 3001

2025-10-11 16:51:01 +00:00: 2025-10-11 16:51:23 +00:00: 
> mailyanlaw@1.0.0 start
> next start -p 3001

2025-10-11 16:51:23 +00:00: 2025-10-11 16:51:24 +00:00: 
> mailyanlaw@1.0.0 start
> next start -p 3001

2025-10-11 16:51:25 +00:00: 2025-10-11 16:51:25 +00:00: 
> mailyanlaw@1.0.0 start
> next start -p 3001

2025-10-11 16:51:26 +00:00: 2025-10-11 16:51:27 +00:00: 
> mailyanlaw@1.0.0 start
> next start -p 3001

2025-10-11 16:51:27 +00:00: 2025-10-11 16:51:29 +00:00: 
> mailyanlaw@1.0.0 start
> next start -p 3001

2025-10-11 16:51:29 +00:00: 2025-10-11 16:51:31 +00:00: 
> mailyanlaw@1.0.0 start
> next start -p 3001

2025-10-11 16:51:31 +00:00: 2025-10-11 16:51:33 +00:00: 
> mailyanlaw@1.0.0 start
> next start -p 3001

2025-10-11 16:51:33 +00:00: 2025-10-11 16:51:35 +00:00: 
> mailyanlaw@1.0.0 start
> next start -p 3001

2025-10-11 16:51:35 +00:00: 2025-10-11 16:51:38 +00:00: 
> mailyanlaw@1.0.0 start
> next start -p 3001

2025-10-11 16:51:38 +00:00: 2025-10-11 16:51:42 +00:00: 
> mailyanlaw@1.0.0 start
> next start -p 3001

2025-10-11 16:51:42 +00:00: 2025-10-11 17:01:11 +00:00: 
2025-10-11 17:01:11 +00:00: > mailyanlaw@1.0.0 start
2025-10-11 17:01:11 +00:00: > next start -p 3001
2025-10-11 17:01:11 +00:00: 
2025-10-11 17:01:12 +00:00: 
2025-10-11 17:01:12 +00:00: > mailyanlaw@1.0.0 start
2025-10-11 17:01:12 +00:00: > next start -p 3001
2025-10-11 17:01:12 +00:00: 
2025-10-11 17:01:13 +00:00: 
2025-10-11 17:01:13 +00:00: > mailyanlaw@1.0.0 start
2025-10-11 17:01:13 +00:00: > next start -p 3001
2025-10-11 17:01:13 +00:00: 
2025-10-11 17:01:16 +00:00: 
2025-10-11 17:01:16 +00:00: > mailyanlaw@1.0.0 start
2025-10-11 17:01:16 +00:00: > next start -p 3001
2025-10-11 17:01:16 +00:00: 
2025-10-11 17:01:17 +00:00: 
2025-10-11 17:01:17 +00:00: > mailyanlaw@1.0.0 start
2025-10-11 17:01:17 +00:00: > next start -p 3001
2025-10-11 17:01:17 +00:00: 
2025-10-11 17:01:19 +00:00: 
2025-10-11 17:01:19 +00:00: > mailyanlaw@1.0.0 start
2025-10-11 17:01:19 +00:00: > next start -p 3001
2025-10-11 17:01:19 +00:00: 
2025-10-11 17:01:21 +00:00: 
2025-10-11 17:01:21 +00:00: > mailyanlaw@1.0.0 start
2025-10-11 17:01:21 +00:00: > next start -p 3001
2025-10-11 17:01:21 +00:00: 
2025-10-11 17:01:23 +00:00: 
2025-10-11 17:01:23 +00:00: > mailyanlaw@1.0.0 start
2025-10-11 17:01:23 +00:00: > next start -p 3001
2025-10-11 17:01:23 +00:00: 
2025-10-11 17:01:27 +00:00: 
2025-10-11 17:01:27 +00:00: > mailyanlaw@1.0.0 start
2025-10-11 17:01:27 +00:00: > next start -p 3001
2025-10-11 17:01:27 +00:00: 
2025-10-11 17:01:31 +00:00: 
2025-10-11 17:01:31 +00:00: > mailyanlaw@1.0.0 start
2025-10-11 17:01:31 +00:00: > next start -p 3001
2025-10-11 17:01:31 +00:00: 
2025-10-11 17:07:12 +00:00: 
2025-10-11 17:07:12 +00:00: > mailyanlaw@1.0.0 start
2025-10-11 17:07:12 +00:00: > next start -p 3001
2025-10-11 17:07:12 +00:00: 
2025-10-11 17:07:13 +00:00: 
2025-10-11 17:07:13 +00:00: > mailyanlaw@1.0.0 start
2025-10-11 17:07:13 +00:00: > next start -p 3001
2025-10-11 17:07:13 +00:00: 
2025-10-11 17:07:15 +00:00: 
2025-10-11 17:07:15 +00:00: > mailyanlaw@1.0.0 start
2025-10-11 17:07:15 +00:00: > next start -p 3001
2025-10-11 17:07:15 +00:00: 
2025-10-11 17:07:16 +00:00: 
2025-10-11 17:07:16 +00:00: > mailyanlaw@1.0.0 start
2025-10-11 17:07:16 +00:00: > next start -p 3001
2025-10-11 17:07:16 +00:00: 
2025-10-11 17:07:18 +00:00: 
2025-10-11 17:07:18 +00:00: > mailyanlaw@1.0.0 start
2025-10-11 17:07:18 +00:00: > next start -p 3001
2025-10-11 17:07:18 +00:00: 
2025-10-11 17:07:19 +00:00: 
2025-10-11 17:07:19 +00:00: > mailyanlaw@1.0.0 start
2025-10-11 17:07:19 +00:00: > next start -p 3001
2025-10-11 17:07:19 +00:00: 
2025-10-11 17:07:21 +00:00: 
2025-10-11 17:07:21 +00:00: > mailyanlaw@1.0.0 start
2025-10-11 17:07:21 +00:00: > next start -p 3001
2025-10-11 17:07:21 +00:00: 
2025-10-11 17:07:24 +00:00: 
2025-10-11 17:07:24 +00:00: > mailyanlaw@1.0.0 start
2025-10-11 17:07:24 +00:00: > next start -p 3001
2025-10-11 17:07:24 +00:00: 
2025-10-11 17:07:27 +00:00: 
2025-10-11 17:07:27 +00:00: > mailyanlaw@1.0.0 start
2025-10-11 17:07:27 +00:00: > next start -p 3001
2025-10-11 17:07:27 +00:00: 
2025-10-11 17:07:30 +00:00: 
2025-10-11 17:07:30 +00:00: > mailyanlaw@1.0.0 start
2025-10-11 17:07:30 +00:00: > next start -p 3001
2025-10-11 17:07:30 +00:00: 
2025-10-11 17:07:57 +00:00:    ▲ Next.js 15.5.4
2025-10-11 17:07:57 +00:00:    - Local:        http://localhost:3001
2025-10-11 17:07:57 +00:00:    - Network:      http://77.37.62.221:3001
2025-10-11 17:07:57 +00:00: 
2025-10-11 17:07:57 +00:00:  ✓ Starting...
2025-10-11 17:07:57 +00:00:  ✓ Ready in 511ms
2025-10-13 18:45:46 +00:00: [Contact Form] Received request
2025-10-13 18:45:46 +00:00: [Contact Form] Body: {
2025-10-13 18:45:46 +00:00:   "name": "",
2025-10-13 18:45:46 +00:00:   "email": "",
2025-10-13 18:45:46 +00:00:   "phone": "",
2025-10-13 18:45:46 +00:00:   "subject": "other",
2025-10-13 18:45:46 +00:00:   "message": ""
2025-10-13 18:45:46 +00:00: }
2025-10-13 18:45:46 +00:00: [Contact Form] Validation failed - missing fields
2025-10-13 18:46:06 +00:00: [Contact Form] Received request
2025-10-13 18:46:06 +00:00: [Contact Form] Body: {
2025-10-13 18:46:06 +00:00:   "name": "xncNFOOCtJ",
2025-10-13 18:46:06 +00:00:   "email": "adunecuz60@gmail.com",
2025-10-13 18:46:06 +00:00:   "phone": "6702105030",
2025-10-13 18:46:06 +00:00:   "subject": "other",
2025-10-13 18:46:06 +00:00:   "message": "vWnYGCFMNiBHHwq"
2025-10-13 18:46:06 +00:00: }
2025-10-13 18:46:06 +00:00: [Contact Form] Validation passed
2025-10-13 18:46:06 +00:00: [Contact Form] Sending email to law firm...
2025-10-13 18:46:07 +00:00: [Contact Form] Law firm email sent successfully
2025-10-13 18:46:07 +00:00: [Contact Form] Sending confirmation email to client...
2025-10-13 18:46:10 +00:00: [Contact Form] Client confirmation email sent successfully
2025-10-13 21:25:44 +00:00: [Contact Form] Received request
2025-10-13 21:25:44 +00:00: [Contact Form] Body: {
2025-10-13 21:25:44 +00:00:   "name": "",
2025-10-13 21:25:44 +00:00:   "email": "",
2025-10-13 21:25:44 +00:00:   "phone": "",
2025-10-13 21:25:44 +00:00:   "subject": "other",
2025-10-13 21:25:44 +00:00:   "message": ""
2025-10-13 21:25:44 +00:00: }
2025-10-13 21:25:44 +00:00: [Contact Form] Validation failed - missing fields
2025-10-13 21:26:05 +00:00: [Contact Form] Received request
2025-10-13 21:26:05 +00:00: [Contact Form] Body: {
2025-10-13 21:26:05 +00:00:   "name": "HGnShvlrWtSOG",
2025-10-13 21:26:05 +00:00:   "email": "bud12016@comcast.net",
2025-10-13 21:26:05 +00:00:   "phone": "9264027305",
2025-10-13 21:26:05 +00:00:   "subject": "naturalization",
2025-10-13 21:26:05 +00:00:   "message": "MKbkjBKYQZbEiC"
2025-10-13 21:26:05 +00:00: }
2025-10-13 21:26:05 +00:00: [Contact Form] Validation passed
2025-10-13 21:26:05 +00:00: [Contact Form] Sending email to law firm...
2025-10-13 21:26:07 +00:00: [Contact Form] Law firm email sent successfully
2025-10-13 21:26:07 +00:00: [Contact Form] Sending confirmation email to client...
2025-10-13 21:26:08 +00:00: [Contact Form] Client confirmation email sent successfully
2025-10-14 00:05:16 +00:00: [Contact Form] Received request
2025-10-14 00:05:16 +00:00: [Contact Form] Body: {
2025-10-14 00:05:16 +00:00:   "name": "",
2025-10-14 00:05:16 +00:00:   "email": "",
2025-10-14 00:05:16 +00:00:   "phone": "",
2025-10-14 00:05:16 +00:00:   "subject": "other",
2025-10-14 00:05:16 +00:00:   "message": ""
2025-10-14 00:05:16 +00:00: }
2025-10-14 00:05:16 +00:00: [Contact Form] Validation failed - missing fields
2025-10-14 00:05:37 +00:00: [Contact Form] Received request
2025-10-14 00:05:37 +00:00: [Contact Form] Body: {
2025-10-14 00:05:37 +00:00:   "name": "VbbvCpBmAuFmVX",
2025-10-14 00:05:37 +00:00:   "email": "martinbntz702@hotmail.com",
2025-10-14 00:05:37 +00:00:   "phone": "5180715990",
2025-10-14 00:05:37 +00:00:   "subject": "other",
2025-10-14 00:05:37 +00:00:   "message": "PrOYtYWekHpD"
2025-10-14 00:05:37 +00:00: }
2025-10-14 00:05:37 +00:00: [Contact Form] Validation passed
2025-10-14 00:05:37 +00:00: [Contact Form] Sending email to law firm...
2025-10-14 00:05:38 +00:00: [Contact Form] Law firm email sent successfully
2025-10-14 00:05:38 +00:00: [Contact Form] Sending confirmation email to client...
2025-10-14 00:05:40 +00:00: [Contact Form] Client confirmation email sent successfully
2025-10-14 01:30:49 +00:00: [Contact Form] Received request
2025-10-14 01:30:49 +00:00: [Contact Form] Body: {
2025-10-14 01:30:49 +00:00:   "name": "",
2025-10-14 01:30:49 +00:00:   "email": "",
2025-10-14 01:30:49 +00:00:   "phone": "",
2025-10-14 01:30:49 +00:00:   "subject": "other",
2025-10-14 01:30:49 +00:00:   "message": ""
2025-10-14 01:30:49 +00:00: }
2025-10-14 01:30:49 +00:00: [Contact Form] Validation failed - missing fields
2025-10-14 01:31:09 +00:00: [Contact Form] Received request
2025-10-14 01:31:09 +00:00: [Contact Form] Body: {
2025-10-14 01:31:09 +00:00:   "name": "RIiThyuQjgakkue",
2025-10-14 01:31:09 +00:00:   "email": "sabin526@gmail.com",
2025-10-14 01:31:09 +00:00:   "phone": "9973782106",
2025-10-14 01:31:09 +00:00:   "subject": "asylum",
2025-10-14 01:31:09 +00:00:   "message": "CbFYJOGhN"
2025-10-14 01:31:09 +00:00: }
2025-10-14 01:31:09 +00:00: [Contact Form] Validation passed
2025-10-14 01:31:09 +00:00: [Contact Form] Sending email to law firm...
2025-10-14 01:31:11 +00:00: [Contact Form] Law firm email sent successfully
2025-10-14 01:31:11 +00:00: [Contact Form] Sending confirmation email to client...
2025-10-14 01:31:12 +00:00: [Contact Form] Client confirmation email sent successfully
2025-10-14 01:36:06 +00:00: [Contact Form] Received request
2025-10-14 01:36:06 +00:00: [Contact Form] Body: {
2025-10-14 01:36:06 +00:00:   "name": "",
2025-10-14 01:36:06 +00:00:   "email": "",
2025-10-14 01:36:06 +00:00:   "phone": "",
2025-10-14 01:36:06 +00:00:   "subject": "other",
2025-10-14 01:36:06 +00:00:   "message": ""
2025-10-14 01:36:06 +00:00: }
2025-10-14 01:36:06 +00:00: [Contact Form] Validation failed - missing fields
2025-10-14 01:36:26 +00:00: [Contact Form] Received request
2025-10-14 01:36:26 +00:00: [Contact Form] Body: {
2025-10-14 01:36:26 +00:00:   "name": "TyTRzeAKcQMYYU",
2025-10-14 01:36:26 +00:00:   "email": "rob@robwestplumbing.com",
2025-10-14 01:36:26 +00:00:   "phone": "5488874863",
2025-10-14 01:36:26 +00:00:   "subject": "family",
2025-10-14 01:36:26 +00:00:   "message": "SleMRxglvzPUKvQ"
2025-10-14 01:36:26 +00:00: }
2025-10-14 01:36:26 +00:00: [Contact Form] Validation passed
2025-10-14 01:36:26 +00:00: [Contact Form] Sending email to law firm...
2025-10-14 01:36:27 +00:00: [Contact Form] Law firm email sent successfully
2025-10-14 01:36:27 +00:00: [Contact Form] Sending confirmation email to client...
2025-10-14 01:36:29 +00:00: [Contact Form] Client confirmation email sent successfully
2025-10-14 03:07:54 +00:00: [Contact Form] Received request
2025-10-14 03:07:54 +00:00: [Contact Form] Body: {
2025-10-14 03:07:54 +00:00:   "name": "OUpXOfGD",
2025-10-14 03:07:54 +00:00:   "email": "armandomane@yahoo.com",
2025-10-14 03:07:54 +00:00:   "phone": "3457194432",
2025-10-14 03:07:54 +00:00:   "subject": "u-visa",
2025-10-14 03:07:54 +00:00:   "message": "uTkMUWqIfNMrW"
2025-10-14 03:07:54 +00:00: }
2025-10-14 03:07:54 +00:00: [Contact Form] Validation passed
2025-10-14 03:07:54 +00:00: [Contact Form] Sending email to law firm...
2025-10-14 03:07:58 +00:00: [Contact Form] Law firm email sent successfully
2025-10-14 03:07:58 +00:00: [Contact Form] Sending confirmation email to client...
2025-10-14 03:08:00 +00:00: [Contact Form] Client confirmation email sent successfully
2025-10-14 05:08:05 +00:00: [Contact Form] Received request
2025-10-14 05:08:05 +00:00: [Contact Form] Body: {
2025-10-14 05:08:05 +00:00:   "name": "",
2025-10-14 05:08:05 +00:00:   "email": "",
2025-10-14 05:08:05 +00:00:   "phone": "",
2025-10-14 05:08:05 +00:00:   "subject": "other",
2025-10-14 05:08:05 +00:00:   "message": ""
2025-10-14 05:08:05 +00:00: }
2025-10-14 05:08:05 +00:00: [Contact Form] Validation failed - missing fields
2025-10-14 10:27:35 +00:00: [Contact Form] Received request
2025-10-14 10:27:35 +00:00: [Contact Form] Body: {
2025-10-14 10:27:35 +00:00:   "name": "mGvQWmaNFgrGElgS",
2025-10-14 10:27:35 +00:00:   "email": "priggel@rocketmail.com",
2025-10-14 10:27:35 +00:00:   "phone": "4335547003",
2025-10-14 10:27:35 +00:00:   "subject": "other",
2025-10-14 10:27:35 +00:00:   "message": "anleVmJTacVj"
2025-10-14 10:27:35 +00:00: }
2025-10-14 10:27:35 +00:00: [Contact Form] Validation passed
2025-10-14 10:27:35 +00:00: [Contact Form] Sending email to law firm...
2025-10-14 10:27:37 +00:00: [Contact Form] Law firm email sent successfully
2025-10-14 10:27:37 +00:00: [Contact Form] Sending confirmation email to client...
2025-10-14 10:27:38 +00:00: [Contact Form] Client confirmation email sent successfully
2025-10-14 14:18:08 +00:00: [Contact Form] Received request
2025-10-14 14:18:08 +00:00: [Contact Form] Body: {
2025-10-14 14:18:08 +00:00:   "name": "",
2025-10-14 14:18:08 +00:00:   "email": "",
2025-10-14 14:18:08 +00:00:   "phone": "",
2025-10-14 14:18:08 +00:00:   "subject": "other",
2025-10-14 14:18:08 +00:00:   "message": ""
2025-10-14 14:18:08 +00:00: }
2025-10-14 14:18:08 +00:00: [Contact Form] Validation failed - missing fields
2025-10-14 16:23:21 +00:00: [Contact Form] Received request
2025-10-14 16:23:21 +00:00: [Contact Form] Body: {
2025-10-14 16:23:21 +00:00:   "name": "",
2025-10-14 16:23:21 +00:00:   "email": "",
2025-10-14 16:23:21 +00:00:   "phone": "",
2025-10-14 16:23:21 +00:00:   "subject": "other",
2025-10-14 16:23:21 +00:00:   "message": ""
2025-10-14 16:23:21 +00:00: }
2025-10-14 16:23:21 +00:00: [Contact Form] Validation failed - missing fields
2025-10-15 04:15:44 +00:00:    ▲ Next.js 15.5.4
2025-10-15 04:15:44 +00:00:    - Local:        http://localhost:3001
2025-10-15 04:15:44 +00:00:    - Network:      http://77.37.62.221:3001
2025-10-15 04:15:44 +00:00: 
2025-10-15 04:15:44 +00:00:  ✓ Starting...
2025-10-15 04:15:44 +00:00:  ✓ Ready in 1075ms
2025-10-15 04:27:14 +00:00:    ▲ Next.js 15.5.4
2025-10-15 04:27:14 +00:00:    - Local:        http://localhost:3001
2025-10-15 04:27:14 +00:00:    - Network:      http://77.37.62.221:3001
2025-10-15 04:27:14 +00:00: 
2025-10-15 04:27:14 +00:00:  ✓ Starting...
2025-10-15 04:27:15 +00:00:  ✓ Ready in 1867ms
2025-10-15 04:32:46 +00:00:    ▲ Next.js 15.5.4
2025-10-15 04:32:46 +00:00:    - Local:        http://localhost:3001
2025-10-15 04:32:46 +00:00:    - Network:      http://77.37.62.221:3001
2025-10-15 04:32:46 +00:00: 
2025-10-15 04:32:46 +00:00:  ✓ Starting...
2025-10-15 04:32:47 +00:00:  ✓ Ready in 1029ms
2025-10-15 04:40:20 +00:00: [Contact Form] Received request
2025-10-15 04:40:20 +00:00: [Contact Form] Body: {
2025-10-15 04:40:20 +00:00:   "name": "Test User - Personal Injury",
2025-10-15 04:40:20 +00:00:   "email": "test@example.com",
2025-10-15 04:40:20 +00:00:   "phone": "(555) 123-4567",
2025-10-15 04:40:20 +00:00:   "subject": "personal-injury",
2025-10-15 04:40:20 +00:00:   "message": "This is a test submission for the Personal Injury form. I was injured in a car accident and need legal representation.",
2025-10-15 04:40:20 +00:00:   "honeypot": "",
2025-10-15 04:40:20 +00:00:   "formLoadTime": 1760503215490
2025-10-15 04:40:20 +00:00: }
2025-10-15 04:40:20 +00:00: [Contact Form] Validation passed
2025-10-15 04:40:20 +00:00: [Contact Form] Sending email to law firm...
2025-10-15 04:40:24 +00:00: [Contact Form] Law firm email sent successfully
2025-10-15 04:40:24 +00:00: [Contact Form] Sending confirmation email to client...
2025-10-15 04:40:27 +00:00: [Contact Form] Client confirmation email sent successfully
2025-10-15 04:51:49 +00:00:    ▲ Next.js 15.5.4
2025-10-15 04:51:49 +00:00:    - Local:        http://localhost:3001
2025-10-15 04:51:49 +00:00:    - Network:      http://77.37.62.221:3001
2025-10-15 04:51:49 +00:00: 
2025-10-15 04:51:49 +00:00:  ✓ Starting...
2025-10-15 04:51:49 +00:00:  ✓ Ready in 975ms
2025-12-16 07:51:59 +00:00:    ▲ Next.js 15.5.4
2025-12-16 07:51:59 +00:00:    - Local:        http://localhost:3001
2025-12-16 07:51:59 +00:00:    - Network:      http://77.37.62.221:3001
2025-12-16 07:51:59 +00:00: 
2025-12-16 07:51:59 +00:00:  ✓ Starting...
2025-12-16 07:52:43 +00:00:  ✓ Ready in 80.3s
2025-12-18 22:35:14 +00:00:    ▲ Next.js 16.0.10
2025-12-18 22:35:14 +00:00:    - Local:         http://localhost:3001
2025-12-18 22:35:14 +00:00:    - Network:       http://77.37.62.221:3001
2025-12-18 22:35:14 +00:00: 
2025-12-18 22:35:14 +00:00:  ✓ Starting...
2025-12-18 22:35:14 +00:00:  ✓ Ready in 725ms
2025-12-18 22:36:19 +00:00: [Contact Form] Received request
2025-12-18 22:36:19 +00:00: [Contact Form] Body: {
2025-12-18 22:36:19 +00:00:   "name": "Test User",
2025-12-18 22:36:19 +00:00:   "email": "test@example.com",
2025-12-18 22:36:19 +00:00:   "phone": "555-123-4567",
2025-12-18 22:36:19 +00:00:   "subject": "other",
2025-12-18 22:36:19 +00:00:   "message": "This is a test message to verify the contact form is working.",
2025-12-18 22:36:19 +00:00:   "honeypot": "",
2025-12-18 22:36:19 +00:00:   "formLoadTime": 1766097379000
2025-12-18 22:36:19 +00:00: }
2025-12-18 22:36:19 +00:00: [Contact Form] Spam detected - form submitted too quickly: 504 ms
2025-12-18 22:36:36 +00:00: [Contact Form] Received request
2025-12-18 22:36:36 +00:00: [Contact Form] Body: {
2025-12-18 22:36:36 +00:00:   "name": "Test User",
2025-12-18 22:36:36 +00:00:   "email": "test@example.com",
2025-12-18 22:36:36 +00:00:   "phone": "555-123-4567",
2025-12-18 22:36:36 +00:00:   "subject": "other",
2025-12-18 22:36:36 +00:00:   "message": "This is a test message to verify the contact form is working correctly after the Node.js upgrade.",
2025-12-18 22:36:36 +00:00:   "honeypot": "",
2025-12-18 22:36:36 +00:00:   "formLoadTime": 1766097386000
2025-12-18 22:36:36 +00:00: }
2025-12-18 22:36:36 +00:00: [Contact Form] Validation passed
2025-12-18 22:36:36 +00:00: [Contact Form] Sending email to law firm...
2025-12-18 22:36:38 +00:00: [Contact Form] Law firm email sent successfully
2025-12-18 22:36:38 +00:00: [Contact Form] Sending confirmation email to client...
2025-12-18 22:36:40 +00:00: [Contact Form] Client confirmation email sent successfully
2025-12-18 22:37:10 +00:00: [Contact Form] Received request
2025-12-18 22:37:10 +00:00: [Contact Form] Body: {
2025-12-18 22:37:10 +00:00:   "name": "Vahe Mailyan",
2025-12-18 22:37:10 +00:00:   "email": "vahemailyan@gmail.com",
2025-12-18 22:37:10 +00:00:   "phone": "8188046916",
2025-12-18 22:37:10 +00:00:   "subject": "asylum",
2025-12-18 22:37:10 +00:00:   "message": "Test",
2025-12-18 22:37:10 +00:00:   "honeypot": "",
2025-12-18 22:37:10 +00:00:   "formLoadTime": 1766094701399
2025-12-18 22:37:10 +00:00: }
2025-12-18 22:37:10 +00:00: [Contact Form] Validation failed - message too short
2025-12-18 22:37:17 +00:00: [Contact Form] Received request
2025-12-18 22:37:17 +00:00: [Contact Form] Body: {
2025-12-18 22:37:17 +00:00:   "name": "Vahe Mailyan",
2025-12-18 22:37:17 +00:00:   "email": "vahemailyan@gmail.com",
2025-12-18 22:37:17 +00:00:   "phone": "8188046916",
2025-12-18 22:37:17 +00:00:   "subject": "asylum",
2025-12-18 22:37:17 +00:00:   "message": "test",
2025-12-18 22:37:17 +00:00:   "honeypot": "",
2025-12-18 22:37:17 +00:00:   "formLoadTime": 1766097432012
2025-12-18 22:37:17 +00:00: }
2025-12-18 22:37:17 +00:00: [Contact Form] Validation failed - message too short
2025-12-18 22:37:36 +00:00: [Contact Form] Received request
2025-12-18 22:37:36 +00:00: [Contact Form] Body: {
2025-12-18 22:37:36 +00:00:   "name": "Vahe Mailyan",
2025-12-18 22:37:36 +00:00:   "email": "vahemailyan@gmail.com",
2025-12-18 22:37:36 +00:00:   "phone": "8188046916",
2025-12-18 22:37:36 +00:00:   "subject": "other",
2025-12-18 22:37:36 +00:00:   "message": "test"
2025-12-18 22:37:36 +00:00: }
2025-12-18 22:37:36 +00:00: [Contact Form] Validation failed - message too short
2025-12-18 22:38:40 +00:00: [Contact Form] Received request
2025-12-18 22:38:40 +00:00: [Contact Form] Body: {
2025-12-18 22:38:40 +00:00:   "name": "Vahe Mailyan",
2025-12-18 22:38:40 +00:00:   "email": "vahemailyan@gmail.com",
2025-12-18 22:38:40 +00:00:   "phone": "8188046916",
2025-12-18 22:38:40 +00:00:   "subject": "other",
2025-12-18 22:38:40 +00:00:   "message": "This is a longer test message that meets the minimum character requirement for the contact form.",
2025-12-18 22:38:40 +00:00:   "honeypot": "",
2025-12-18 22:38:40 +00:00:   "formLoadTime": 1766097510000
2025-12-18 22:38:40 +00:00: }
2025-12-18 22:38:40 +00:00: [Contact Form] Validation passed
2025-12-18 22:38:40 +00:00: [Contact Form] Sending email to law firm...
2025-12-18 22:38:41 +00:00: [Contact Form] Law firm email sent successfully
2025-12-18 22:38:41 +00:00: [Contact Form] Sending confirmation email to client...
2025-12-18 22:38:43 +00:00: [Contact Form] Client confirmation email sent successfully
2025-12-18 22:40:55 +00:00:    ▲ Next.js 16.0.10
2025-12-18 22:40:55 +00:00:    - Local:         http://localhost:3001
2025-12-18 22:40:55 +00:00:    - Network:       http://77.37.62.221:3001
2025-12-18 22:40:55 +00:00: 
2025-12-18 22:40:55 +00:00:  ✓ Starting...
2025-12-18 22:40:55 +00:00:  ✓ Ready in 567ms
2025-12-18 22:41:24 +00:00: [Contact Form] Received request
2025-12-18 22:41:24 +00:00: [Contact Form] Body: {
2025-12-18 22:41:24 +00:00:   "name": "Vahe Mailyan",
2025-12-18 22:41:24 +00:00:   "email": "vahemailyan@gmail.com",
2025-12-18 22:41:24 +00:00:   "phone": "8188046916",
2025-12-18 22:41:24 +00:00:   "subject": "asylum",
2025-12-18 22:41:24 +00:00:   "message": "Testing the email logo after fixing the Image-Meline directory symlink. The logo should now display correctly in both the law firm and client confirmation emails.",
2025-12-18 22:41:24 +00:00:   "honeypot": "",
2025-12-18 22:41:24 +00:00:   "formLoadTime": 1766097674000
2025-12-18 22:41:24 +00:00: }
2025-12-18 22:41:24 +00:00: [Contact Form] Spam detected - gibberish in message
2025-12-18 22:41:37 +00:00: [Contact Form] Received request
2025-12-18 22:41:37 +00:00: [Contact Form] Body: {
2025-12-18 22:41:37 +00:00:   "name": "Vahe Mailyan",
2025-12-18 22:41:37 +00:00:   "email": "vahemailyan@gmail.com",
2025-12-18 22:41:37 +00:00:   "phone": "8188046916",
2025-12-18 22:41:37 +00:00:   "subject": "asylum",
2025-12-18 22:41:37 +00:00:   "message": "I am testing the contact form. I need help with my asylum case and would like to schedule a consultation.",
2025-12-18 22:41:37 +00:00:   "honeypot": "",
2025-12-18 22:41:37 +00:00:   "formLoadTime": 1766097687000
2025-12-18 22:41:37 +00:00: }
2025-12-18 22:41:37 +00:00: [Contact Form] Validation passed
2025-12-18 22:41:37 +00:00: [Contact Form] Sending email to law firm...
2025-12-18 22:41:38 +00:00: [Contact Form] Law firm email sent successfully
2025-12-18 22:41:38 +00:00: [Contact Form] Sending confirmation email to client...
2025-12-18 22:41:39 +00:00: [Contact Form] Client confirmation email sent successfully
2025-12-18 22:52:21 +00:00: [Contact Form] Received request
2025-12-18 22:52:21 +00:00: [Contact Form] Body: {
2025-12-18 22:52:21 +00:00:   "name": "Vahe Mailyan",
2025-12-18 22:52:21 +00:00:   "email": "vahemailyan@gmail.com",
2025-12-18 22:52:21 +00:00:   "phone": "8188046916",
2025-12-18 22:52:21 +00:00:   "subject": "other",
2025-12-18 22:52:21 +00:00:   "message": "test"
2025-12-18 22:52:21 +00:00: }
2025-12-18 22:52:21 +00:00: [Contact Form] Validation failed - message too short
2026-02-24 09:24:03 +00:00:    ▲ Next.js 16.0.10
2026-02-24 09:24:03 +00:00:    - Local:         http://localhost:3001
2026-02-24 09:24:03 +00:00:    - Network:       http://77.37.62.221:3001
2026-02-24 09:24:03 +00:00: 
2026-02-24 09:24:03 +00:00:  ✓ Starting...
2026-02-24 09:24:06 +00:00:  ✓ Ready in 7.5s
2026-02-24 18:36:40 +00:00: [Contact Form] Received request
2026-02-24 18:36:40 +00:00: [Contact Form] Body: {
2026-02-24 18:36:40 +00:00:   "name": "Jennifer Obrien",
2026-02-24 18:36:40 +00:00:   "email": "jennifer@dandyreviewaitools.com",
2026-02-24 18:36:40 +00:00:   "phone": "9497557782",
2026-02-24 18:36:40 +00:00:   "subject": "deportation",
2026-02-24 18:36:40 +00:00:   "message": "Hi Law Office of Meline Mailyan  Esq.,\n\nI’ve built and trained an AI employee specifically for Law Office of Meline Mailyan  Esq..\n\nIt’s already been trained on 6+ hours worth of your publicly available data — your website, Google Business Profile, and more. It knows how to answer \ncustomer questions, capture leads, and even follow up — just like a team member would.\n\nThis isn’t a sales call. It’s a 20-minute demo where you can actually interact with the AI employee and see what it can do.\n\nWould today or tomorrow work for a quick walkthrough? Schedule a time on my calendar to meet the agent I trained for you and see \nwhat she can do here: getdandy.com/ff-trained-agent or call me at (949)-755-7782\n\nTalk soon,\n\nThank you,\n\nJennifer O'Brien | Director of Operations\nGetDandy\ngetdandy.com/ff-trained-agent\n\nUnsubscribe here: bit.ly/42wnUsa",
2026-02-24 18:36:40 +00:00:   "honeypot": "",
2026-02-24 18:36:40 +00:00:   "formLoadTime": 1771957853282
2026-02-24 18:36:40 +00:00: }
2026-02-24 18:36:40 +00:00: [Contact Form] Spam detected - gibberish in message
